<?xml version="1.0" encoding="UTF-8"?>
<testng-results ignored="0" total="1" passed="1" failed="0" skipped="0">
  <reporter-output>
  </reporter-output>
  <suite started-at="2024-11-21T18:58:53 EST" name="Default suite" finished-at="2024-11-21T18:59:17 EST" duration-ms="24482">
    <groups>
    </groups>
    <test started-at="2024-11-21T18:58:53 EST" name="Default test" finished-at="2024-11-21T18:59:17 EST" duration-ms="24482">
      <class name="com.webshop.tests.ApparelShoes">
        <test-method is-config="true" signature="setupReports()[pri:0, instance:com.webshop.tests.ApparelShoes@158d2680]" started-at="2024-11-21T18:58:53 EST" name="setupReports" finished-at="2024-11-21T18:58:53 EST" duration-ms="216" status="PASS">
          <reporter-output>
          </reporter-output>
        </test-method> <!-- setupReports -->
        <test-method is-config="true" signature="setup()[pri:0, instance:com.webshop.tests.ApparelShoes@158d2680]" started-at="2024-11-21T18:58:53 EST" name="setup" finished-at="2024-11-21T18:59:07 EST" duration-ms="14540" status="PASS">
          <reporter-output>
          </reporter-output>
        </test-method> <!-- setup -->
        <test-method signature="AddandDeleteproductsfromApparelShoesMenu()[pri:0, instance:com.webshop.tests.ApparelShoes@158d2680]" started-at="2024-11-21T18:59:07 EST" name="AddandDeleteproductsfromApparelShoesMenu" finished-at="2024-11-21T18:59:14 EST" duration-ms="6563" status="PASS">
          <reporter-output>
          </reporter-output>
        </test-method> <!-- AddandDeleteproductsfromApparelShoesMenu -->
        <test-method is-config="true" signature="tearDown()[pri:0, instance:com.webshop.tests.ApparelShoes@158d2680]" started-at="2024-11-21T18:59:14 EST" name="tearDown" finished-at="2024-11-21T18:59:17 EST" duration-ms="3341" status="PASS">
          <reporter-output>
          </reporter-output>
        </test-method> <!-- tearDown -->
      </class> <!-- com.webshop.tests.ApparelShoes -->
    </test> <!-- Default test -->
  </suite> <!-- Default suite -->
</testng-results>
